mine/build/outputs/logs/manifest-merger-debug-report.txt
-- Merging decision tree log ---
manifest
ADDED from src\main\AndroidManifest.xml:2:1-21:12
INJECTED from src\main\AndroidManifest.xml:2:1-21:12
INJECTED from src\main\AndroidManifest.xml:2:1-21:12
INJECTED from src\main\AndroidManifest.xml:2:1-21:12
INJECTED from src\main\AndroidManifest.xml:2:1-21:12
INJECTED from src\main\AndroidManifest.xml:2:1-21:12
INJECTED from src\main\AndroidManifest.xml:2:1-21:12
	package
		ADDED from src\main\AndroidManifest.xml:2:70-93
		INJECTED from src\main\AndroidManifest.xml
		INJECTED from src\main\AndroidManifest.xml
	android:versionName
		INJECTED from src\main\AndroidManifest.xml
		ADDED from src\main\AndroidManifest.xml:2:1-21:12
		INJECTED from src\main\AndroidManifest.xml
	android:versionCode
		INJECTED from src\main\AndroidManifest.xml
		ADDED from src\main\AndroidManifest.xml:2:1-21:12
		INJECTED from src\main\AndroidManifest.xml
	xmlns:android
		ADDED from src\main\AndroidManifest.xml:2:11-69
application
ADDED from src\main\AndroidManifest.xml:4:5-20:15
activity#com.sskj.mine.SecurityActivity
ADDED from src\main\AndroidManifest.xml:5:9-53
	android:name
		ADDED from src\main\AndroidManifest.xml:5:19-51
activity#com.sskj.mine.LanguageActivity
ADDED from src\main\AndroidManifest.xml:6:9-66
	android:name
		ADDED from src\main\AndroidManifest.xml:6:19-64
activity#com.sskj.mine.MyTeamActivity
ADDED from src\main\AndroidManifest.xml:7:9-64
	android:name
		ADDED from src\main\AndroidManifest.xml:7:19-62
activity#com.sskj.mine.CommissionActivity
ADDED from src\main\AndroidManifest.xml:8:9-68
	android:name
		ADDED from src\main\AndroidManifest.xml:8:19-66
activity#com.sskj.mine.DirectorActivity
ADDED from src\main\AndroidManifest.xml:9:9-66
	android:name
		ADDED from src\main\AndroidManifest.xml:9:19-64
activity#com.sskj.mine.InviteActivity
ADDED from src\main\AndroidManifest.xml:10:9-64
	android:name
		ADDED from src\main\AndroidManifest.xml:10:19-62
activity#com.sskj.mine.ShareImgActivity
ADDED from src\main\AndroidManifest.xml:11:9-66
	android:name
		ADDED from src\main\AndroidManifest.xml:11:19-64
activity#com.sskj.mine.VerifySettingActivity
ADDED from src\main\AndroidManifest.xml:12:9-71
	android:name
		ADDED from src\main\AndroidManifest.xml:12:19-69
activity#com.sskj.mine.BindMobileOrEmailActivity
ADDED from src\main\AndroidManifest.xml:13:9-75
	android:name
		ADDED from src\main\AndroidManifest.xml:13:19-73
activity#com.sskj.mine.BindGoogleVerifyActivity
ADDED from src\main\AndroidManifest.xml:14:9-74
	android:name
		ADDED from src\main\AndroidManifest.xml:14:19-72
activity#com.sskj.mine.SettingPasswordActivity
ADDED from src\main\AndroidManifest.xml:15:9-73
	android:name
		ADDED from src\main\AndroidManifest.xml:15:19-71
activity#com.sskj.mine.ResetPayPasswordActivity
ADDED from src\main\AndroidManifest.xml:16:9-74
	android:name
		ADDED from src\main\AndroidManifest.xml:16:19-72
activity#com.sskj.mine.ResetPasswordActivity
ADDED from src\main\AndroidManifest.xml:17:9-71
	android:name
		ADDED from src\main\AndroidManifest.xml:17:19-69
activity#com.sskj.mine.ChangeSkipActivity
ADDED from src\main\AndroidManifest.xml:18:9-55
	android:name
		ADDED from src\main\AndroidManifest.xml:18:19-53
activity#com.sskj.mine.SettingActivity
ADDED from src\main\AndroidManifest.xml:19:5-61
	android:name
		ADDED from src\main\AndroidManifest.xml:19:15-59
uses-sdk
INJECTED from src\main\AndroidManifest.xml reason: use-sdk injection requested
INJECTED from src\main\AndroidManifest.xml
INJECTED from src\main\AndroidManifest.xml
INJECTED from src\main\AndroidManifest.xml
INJECTED from src\main\AndroidManifest.xml
	android:targetSdkVersion
		INJECTED from src\main\AndroidManifest.xml
		ADDED from src\main\AndroidManifest.xml
		INJECTED from src\main\AndroidManifest.xml
	android:minSdkVersion
		INJECTED from src\main\AndroidManifest.xml
		ADDED from src\main\AndroidManifest.xml
		INJECTED from src\main\AndroidManifest.xml